<?xml version="1.0" encoding="UTF-8"?>
<testsuite xmlns:xsi="http://www.w3.org/2001/XMLSchema-instance" xsi:noNamespaceSchemaLocation="https://maven.apache.org/surefire/maven-surefire-plugin/xsd/surefire-test-report-3.0.xsd" version="3.0" name="org.aion.jennifer.HelloAvmRuleTest" time="0.053" tests="2" errors="0" skipped="0" failures="0">
  <properties>
    <property name="sun.desktop" value="gnome"/>
    <property name="awt.toolkit" value="sun.awt.X11.XToolkit"/>
    <property name="java.specification.version" value="11"/>
    <property name="sun.cpu.isalist" value=""/>
    <property name="sun.jnu.encoding" value="UTF-8"/>
    <property name="java.class.path" value="/home/jennifer/Integration/web3j/git/aion-web3j/web3j-contract/target/test-classes:/home/jennifer/Integration/web3j/git/aion-web3j/web3j-contract/target/classes:/home/jennifer/Integration/web3j/git/aion-web3j/web3j-contract/lib/org-aion-avm-api.jar:/home/jennifer/Integration/web3j/git/aion-web3j/web3j-contract/lib/org-aion-avm-userlib.jar:/home/jennifer/Integration/web3j/git/aion-web3j/web3j-contract/lib/org-aion-avm-tooling.jar:/home/jennifer/.m2/repository/junit/junit/4.11/junit-4.11.jar:/home/jennifer/.m2/repository/org/hamcrest/hamcrest-core/1.3/hamcrest-core-1.3.jar:/home/jennifer/.m2/repository/org/aion/jennifer/web3j-contract/avm/1.0-SNAPSHOT/avm-1.0-SNAPSHOT.jar:"/>
    <property name="java.vm.vendor" value="Oracle Corporation"/>
    <property name="sun.arch.data.model" value="64"/>
    <property name="java.vendor.url" value="http://java.oracle.com/"/>
    <property name="user.timezone" value=""/>
    <property name="java.vm.specification.version" value="11"/>
    <property name="os.name" value="Linux"/>
    <property name="sun.java.launcher" value="SUN_STANDARD"/>
    <property name="user.country" value="US"/>
    <property name="sun.boot.library.path" value="/home/jennifer/jdk-11.0.1/lib"/>
    <property name="sun.java.command" value="/home/jennifer/Integration/web3j/git/aion-web3j/web3j-contract/target/surefire/surefirebooter1866547532753431436.jar /home/jennifer/Integration/web3j/git/aion-web3j/web3j-contract/target/surefire 2019-07-18T15-20-51_701-jvmRun1 surefire570021308922654402tmp surefire_0380151776935446108tmp"/>
    <property name="jdk.debug" value="release"/>
    <property name="surefire.test.class.path" value="/home/jennifer/Integration/web3j/git/aion-web3j/web3j-contract/target/test-classes:/home/jennifer/Integration/web3j/git/aion-web3j/web3j-contract/target/classes:/home/jennifer/Integration/web3j/git/aion-web3j/web3j-contract/lib/org-aion-avm-api.jar:/home/jennifer/Integration/web3j/git/aion-web3j/web3j-contract/lib/org-aion-avm-userlib.jar:/home/jennifer/Integration/web3j/git/aion-web3j/web3j-contract/lib/org-aion-avm-tooling.jar:/home/jennifer/.m2/repository/junit/junit/4.11/junit-4.11.jar:/home/jennifer/.m2/repository/org/hamcrest/hamcrest-core/1.3/hamcrest-core-1.3.jar:/home/jennifer/.m2/repository/org/aion/jennifer/web3j-contract/avm/1.0-SNAPSHOT/avm-1.0-SNAPSHOT.jar:"/>
    <property name="sun.cpu.endian" value="little"/>
    <property name="user.home" value="/home/jennifer"/>
    <property name="user.language" value="en"/>
    <property name="java.specification.vendor" value="Oracle Corporation"/>
    <property name="java.version.date" value="2018-10-16"/>
    <property name="java.home" value="/home/jennifer/jdk-11.0.1"/>
    <property name="file.separator" value="/"/>
    <property name="basedir" value="/home/jennifer/Integration/web3j/git/aion-web3j/web3j-contract"/>
    <property name="java.vm.compressedOopsMode" value="32-bit"/>
    <property name="line.separator" value="&#10;"/>
    <property name="java.specification.name" value="Java Platform API Specification"/>
    <property name="java.vm.specification.vendor" value="Oracle Corporation"/>
    <property name="java.awt.graphicsenv" value="sun.awt.X11GraphicsEnvironment"/>
    <property name="surefire.real.class.path" value="/home/jennifer/Integration/web3j/git/aion-web3j/web3j-contract/target/surefire/surefirebooter1866547532753431436.jar"/>
    <property name="sun.management.compiler" value="HotSpot 64-Bit Tiered Compilers"/>
    <property name="java.runtime.version" value="11.0.1+13"/>
    <property name="user.name" value="jennifer"/>
    <property name="path.separator" value=":"/>
    <property name="os.version" value="4.15.0-54-generic"/>
    <property name="java.runtime.name" value="OpenJDK Runtime Environment"/>
    <property name="file.encoding" value="UTF8"/>
    <property name="java.vm.name" value="OpenJDK 64-Bit Server VM"/>
    <property name="java.vendor.version" value="18.9"/>
    <property name="localRepository" value="/home/jennifer/.m2/repository"/>
    <property name="java.vendor.url.bug" value="http://bugreport.java.com/bugreport/"/>
    <property name="java.io.tmpdir" value="/tmp"/>
    <property name="java.version" value="11.0.1"/>
    <property name="user.dir" value="/home/jennifer/Integration/web3j/git/aion-web3j/web3j-contract"/>
    <property name="os.arch" value="amd64"/>
    <property name="java.vm.specification.name" value="Java Virtual Machine Specification"/>
    <property name="java.awt.printerjob" value="sun.print.PSPrinterJob"/>
    <property name="sun.os.patch.level" value="unknown"/>
    <property name="java.library.path" value="/usr/java/packages/lib:/usr/lib64:/lib64:/lib:/usr/lib"/>
    <property name="java.vendor" value="Oracle Corporation"/>
    <property name="java.vm.info" value="mixed mode"/>
    <property name="java.vm.version" value="11.0.1+13"/>
    <property name="sun.io.unicode.encoding" value="UnicodeLittle"/>
    <property name="java.class.version" value="55.0"/>
  </properties>
  <testcase name="testSetString" classname="org.aion.jennifer.HelloAvmRuleTest" time="0.042"/>
  <testcase name="testGetString" classname="org.aion.jennifer.HelloAvmRuleTest" time="0.003"/>
</testsuite>